H-line M1 (1340,631) (1584,631)
V-line M1 (1584,631) (1584,594)
H-line M1 (1312,1876) (1238,1876)
V-line M1 (1238,1876) (1238,1892)
H-line M1 (1002,1364) (1147,1364)
H-line M1 (995,502) (1015,502)
V-line M1 (1015,502) (1015,631)
H-line M1 (2145,1984) (1907,1984)
V-line M1 (1907,1984) (1907,1992)
H-line M1 (2230,2219) (2232,2219)
V-line M1 (2232,2219) (2232,2138)
H-line M1 (2230,2236) (2263,2236)
V-line M1 (2263,2236) (2263,2319)
H-line M1 (2001,2485) (2053,2485)
V-line M1 (3106,2926) (3106,2590)
V-line M1 (3406,2906) (3406,2870)
V-line M1 (4220,2126) (4220,2179)
V-line M1 (4433,1541) (4433,1789)
H-line M1 (4813,1977) (4507,1977)
V-line M1 (4507,1977) (4507,1966)
H-line M1 (5132,2407) (4954,2407)
V-line M1 (4954,2407) (4954,2404)
H-line M1 (6041,2766) (6036,2766)
H-line M1 (4719,2471) (4618,2471)
V-line M1 (4618,2471) (4618,2640)
H-line M1 (1592,1279) (1297,1279)
V-line M1 (1297,1279) (1297,1225)
H-line M1 (2107,1222) (2049,1222)
V-line M1 (2049,1222) (2049,930)
H-line M1 (4961,1771) (4816,1771)
V-line M1 (4816,1771) (4816,1977)
H-line M1 (4932,1364) (4939,1364)
V-line M1 (4939,1364) (4939,1366)
H-line M1 (4760,993) (4846,993)
V-line M1 (4846,993) (4846,997)
H-line M1 (4230,1165) (4473,1165)
V-line M1 (4033,1155) (4033,1118)
H-line M1 (4004,982) (4033,982)
V-line M1 (4033,982) (4033,1109)
H-line M1 (3715,1120) (3978,1120)
V-line M1 (3978,1120) (3978,1109)
H-line M1 (3702,1081) (3715,1081)
V-line M1 (3715,1081) (3715,944)
H-line M1 (2959,712) (3076,712)
H-line M1 (3775,572) (3794,572)
V-line M1 (3794,572) (3794,811)
V-line M1 (3292,1903) (3292,1620)
H-line M1 (3263,1994) (3192,1994)
H-line M1 (4846,977) (4862,977)
V-line M1 (4862,977) (4862,708)
H-line M1 (5201,609) (5196,609)
V-line M1 (5196,609) (5196,501)
V-line M1 (4503,819) (4503,1123)
H-line M1 (5334,644) (5508,644)
V-line M1 (5508,644) (5508,774)
H-line M1 (6094,1830) (6370,1830)
H-line M1 (3702,1395) (3402,1395)
V-line M1 (3402,1395) (3402,1432)
H-line M1 (3512,210) (3875,210)
H-line M1 (129,422) (490,422)
V-line M1 (490,422) (490,419)
H-line M1 (6491,1531) (6425,1531)
V-line M1 (6425,1531) (6425,1830)
H-line M1 (6434,1339) (6408,1339)
V-line M1 (6408,1339) (6408,1445)
H-line M1 (6434,1295) (6483,1295)
V-line M1 (6483,1295) (6483,1156)
H-line M1 (6533,855) (6534,855)
V-line M1 (6534,855) (6534,529)
V-line M1 (6868,390) (6868,23)
H-line M1 (280,2979) (888,2979)
V-line M1 (888,2979) (888,2991)
H-line M1 (2494,23) (1788,23)
V-line M1 (1788,23) (1788,17)
H-line M2 (252,1916) (435,1916)
V-line M2 (435,1916) (435,1920)
H-line M2 (224,1648) (303,1648)
V-line M2 (303,1648) (303,1454)
H-line M2 (1251,1837) (1835,1837)
H-line M2 (3564,64) (3360,64)
H-line M2 (1984,781) (1991,781)
V-line M2 (1991,781) (1991,1044)
H-line M2 (3749,2129) (4100,2129)
V-line M2 (4100,2129) (4100,2139)
H-line M2 (5297,2658) (5549,2658)
H-line M2 (3793,398) (3474,398)
V-line M2 (3474,398) (3474,296)
H-line M2 (4503,1209) (4543,1209)
V-line M2 (4543,1209) (4543,1276)
H-line M2 (5233,1181) (5471,1181)
V-line M2 (5471,1181) (5471,1298)
H-line M2 (5925,760) (5783,760)
V-line M2 (5783,760) (5783,740)
H-line M2 (6004,760) (6129,760)
V-line M2 (6129,760) (6129,727)
H-line M2 (3894,1275) (3581,1275)
V-line M2 (3581,1275) (3581,1227)
H-line M2 (6058,2100) (6148,2100)
V-line M2 (6148,2100) (6148,2447)
H-line M2 (4861,1991) (4796,1991)
V-line M2 (4796,1991) (4796,2384)
V-line M2 (6637,624) (6637,123)
H-line M2 (6601,2883) (6715,2883)
V-line M2 (6715,2883) (6715,2341)
H-line M2 (1134,2678) (1142,2678)
V-line M2 (1142,2678) (1142,2027)
H-line M2 (1267,2950) (1602,2950)
H-line M2 (1628,2545) (1602,2545)
V-line M2 (1602,2545) (1602,2950)
H-line M3 (225,1041) (325,1041)
V-line M3 (325,1041) (325,1003)
H-line M3 (532,992) (793,992)
V-line M3 (793,992) (793,995)
H-line M3 (1459,1243) (1401,1243)
H-line M3 (2034,1422) (2091,1422)
H-line M3 (559,452) (640,452)
V-line M3 (640,452) (640,453)
V-line M3 (460,431) (460,204)
H-line M3 (1271,2015) (1362,2015)
V-line M3 (1362,2015) (1362,1867)
H-line M3 (1964,2356) (1954,2356)
H-line M3 (1662,2106) (1509,2106)
V-line M3 (1509,2106) (1509,2123)
H-line M3 (1715,2024) (1810,2024)
H-line M3 (950,2744) (1166,2744)
H-line M3 (829,2858) (591,2858)
V-line M3 (591,2858) (591,2851)
H-line M3 (459,2798) (206,2798)
V-line M3 (206,2798) (206,2800)
H-line M3 (1826,694) (1668,694)
V-line M3 (1668,694) (1668,811)
H-line M3 (2641,1132) (2546,1132)
V-line M3 (2546,1132) (2546,1123)
V-line M3 (2787,451) (2787,336)
H-line M3 (2889,1108) (3115,1108)
V-line M3 (3115,1108) (3115,1120)
H-line M3 (3203,1167) (3187,1167)
V-line M3 (3187,1167) (3187,1161)
H-line M3 (3431,387) (3410,387)
V-line M3 (3410,387) (3410,535)
H-line M3 (3479,250) (3552,250)
V-line M3 (3552,250) (3552,245)
H-line M3 (3492,387) (3589,387)
H-line M3 (4543,147) (4556,147)
V-line M3 (4556,147) (4556,243)
H-line M3 (5592,343) (5441,343)
V-line M3 (5441,343) (5441,341)
V-line M3 (4598,1024) (4598,870)
H-line M3 (4472,20) (4543,20)
V-line M3 (4543,20) (4543,115)
H-line M3 (5877,131) (5860,131)
V-line M3 (5860,131) (5860,343)
H-line M3 (2000,280) (2243,280)
V-line M3 (2243,280) (2243,270)
H-line M3 (1558,30) (1571,30)
H-line M3 (3148,2279) (3130,2279)
V-line M3 (3130,2279) (3130,2020)
V-line M3 (3148,2309) (3148,2480)
V-line M3 (3583,2880) (3583,2916)
H-line M3 (3233,2480) (3312,2480)
V-line M3 (3312,2480) (3312,2472)
H-line M3 (2986,2406) (3130,2406)
V-line M3 (3130,2406) (3130,2309)
H-line M3 (2784,1959) (2663,1959)
H-line M3 (2424,2341) (2374,2341)
V-line M3 (2374,2341) (2374,2445)
V-line M3 (2417,2864) (2417,2839)
H-line M3 (2841,2225) (2819,2225)
V-line M3 (2819,2225) (2819,2406)
H-line M3 (3957,2595) (3689,2595)
H-line M3 (4297,2683) (4167,2683)
V-line M3 (4167,2683) (4167,2762)
H-line M3 (4463,2815) (4608,2815)
V-line M3 (4485,2409) (4485,2593)
H-line M3 (4698,2815) (4740,2815)
V-line M3 (4740,2815) (4740,2632)
V-line M3 (4627,1048) (4627,1328)
H-line M3 (4950,2580) (4975,2580)
V-line M3 (4975,2580) (4975,2304)
H-line M3 (3881,1193) (3857,1193)
V-line M3 (3857,1193) (3857,1487)
H-line M3 (5883,469) (5911,469)
V-line M3 (5911,469) (5911,760)
H-line M3 (6107,1493) (6091,1493)
V-line M3 (6091,1493) (6091,1661)
H-line M3 (5717,2043) (5655,2043)
H-line M3 (5570,2104) (5528,2104)
V-line M3 (5675,1493) (5675,1603)
H-line M3 (6253,1655) (6082,1655)
V-line M3 (6082,1655) (6082,1654)
H-line M3 (5528,2208) (5610,2208)
V-line M3 (5610,2208) (5610,2357)
H-line M3 (6826,1870) (6589,1870)
V-line M3 (6589,1870) (6589,1846)
H-line M3 (6333,1311) (6598,1311)
H-line M3 (6695,1311) (6713,1311)
V-line M3 (6713,1311) (6713,1389)
H-line M3 (6827,1389) (6863,1389)
V-line M3 (6863,1389) (6863,1370)
H-line M3 (6908,696) (6928,696)
V-line M3 (6928,696) (6928,975)
H-line M3 (6986,648) (6908,648)
V-line M3 (6908,648) (6908,662)
V-line M3 (6711,383) (6711,621)
H-line M3 (6389,622) (6711,622)
V-line M3 (6711,622) (6711,621)
H-line M3 (5877,131) (6206,131)
V-line M3 (6206,131) (6206,148)
H-line M3 (1225,590) (1318,590)
V-line M3 (1318,590) (1318,880)
H-line M3 (1193,543) (1225,543)
V-line M3 (1225,543) (1225,313)
V-line M3 (1102,267) (1102,282)
Vias V1 (4719,2346)
Vias V2 (435,1920)
H-line M2 (4719,2346) (4932,2346)
V-line M2 (4932,2346) (4932,2449)
H-line M3 (435,1920) (1225,1920)
V-line M3 (1225,1920) (1225,590)
